<?xml version="1.0" encoding="UTF-8"?>
<!-- Generated by org.testng.reporters.JUnitReportReporter -->
<testsuite skipped="0" hostname="LAPTOP-GG5NC9LL" name="com.music.mp3Library.DemoApplicationTests" tests="1" failures="0" timestamp="30 Ιουν 2019 00:57:04 GMT" time="6.798" errors="0">
  <testcase name="contextLoads" time="6.798" classname="com.music.mp3Library.DemoApplicationTests"/>
</testsuite> <!-- com.music.mp3Library.DemoApplicationTests -->
