<?xml version="1.0" encoding="UTF-8"?>
<!-- Generated by org.testng.reporters.JUnitReportReporter -->
<testsuite skipped="0" hostname="LAPTOP-GG5NC9LL" name="com.music.mp3Library.DemoApplicationTests" tests="1" failures="0" timestamp="25 Ιουν 2019 00:51:16 GMT" time="4.800" errors="0">
  <testcase name="contextLoads" time="4.800" classname="com.music.mp3Library.DemoApplicationTests"/>
</testsuite> <!-- com.music.mp3Library.DemoApplicationTests -->
