<?xml version="1.0" encoding="UTF-8"?>
<!-- Generated by org.testng.reporters.JUnitReportReporter -->
<testsuite skipped="0" hostname="LAPTOP-GG5NC9LL" name="com.music.mp3Library.DemoApplicationTests" tests="1" failures="0" timestamp="05 Ιουλ 2019 22:04:37 GMT" time="7.208" errors="0">
  <testcase name="contextLoads" time="7.208" classname="com.music.mp3Library.DemoApplicationTests"/>
</testsuite> <!-- com.music.mp3Library.DemoApplicationTests -->
